[01:59:22] ▶ Login 101579 (ty101579)
[01:59:32] ▶ 시작 — 50 iterations × [증빙→승인함→학습현황] each 3s
[02:00:17]    iter 5/50 done (9138ms) stuck=no
[02:01:06]    iter 10/50 done (12205ms) stuck=no
[02:01:52]    iter 15/50 done (9111ms) stuck=no
[02:02:40]    iter 20/50 done (12184ms) stuck=no
[02:03:26]    iter 25/50 done (9120ms) stuck=no
[02:04:15]    iter 30/50 done (12188ms) stuck=no
[02:05:00]    iter 35/50 done (9113ms) stuck=no
[02:05:49]    iter 40/50 done (12208ms) stuck=no
[02:06:35]    iter 45/50 done (9108ms) stuck=no
[02:07:23]    iter 50/50 done (12170ms) stuck=no
[02:07:23] 
============================================================
네트워크 안정성 테스트 보고서 — 3초 스크린샷 × 50 iterations
============================================================
총 소요시간: 471.5초 (평균 iter: 9.4초)
전체 스크린샷 수: 150장 (증빙/승인함/학습현황 각 50장)
STUCK 이벤트: 0건

✓ 모든 150회 페이지 로딩이 정상적으로 완료되었습니다.
  로딩 스켈레톤 고착 / 하얀 화면 / 에러 없음.

스크린샷 저장 위치: screenshots-network-3sec-50/
